<?xml version="1.0" encoding="UTF-8"?>
<testsuite xmlns:xsi="http://www.w3.org/2001/XMLSchema-instance" xsi:noNamespaceSchemaLocation="https://maven.apache.org/surefire/maven-surefire-plugin/xsd/surefire-test-report.xsd" name="org.example.ShoppingCartTest" time="0.064" tests="1" errors="0" skipped="0" failures="1">
  <properties>
[...]
</properties>
  <testcase name="testAddItemIncreasesTotal" classname="org.example.ShoppingCartTest" time="0.041">
    <failure message="Nach dem Hinzufügen eines Artikels mit Preis 50 sollte die Summe 50 sein ==&gt; expected: &lt;50&gt; but was: &lt;0&gt;" type="org.opentest4j.AssertionFailedError"><![CDATA[org.opentest4j.AssertionFailedError: Nach dem Hinzufügen eines Artikels mit Preis 50 sollte die Summe 50 sein ==> expected: <50> but was: <0>
	at org.example.ShoppingCartTest.testAddItemIncreasesTotal(ShoppingCartTest.java:32)
]]></failure>
  </testcase>
</testsuite>